<?xml version="1.0" encoding="UTF-8"?>
<!-- Generated by org.testng.reporters.JUnitXMLReporter -->
<testsuite ignored="0" hostname="Naveen" failures="1" tests="15" name="GURU Bank Site Test" time="122.299" errors="0" timestamp="2023-09-05T22:11:52 IST">
  <testcase classname="com.bank.qa.testcases.LoginTest" name="loginPageTitleTest" time="0.021"/>
  <testcase classname="com.bank.qa.testcases.LoginTest" name="verifySiteLogo" time="0.042"/>
  <testcase classname="com.bank.qa.testcases.LoginTest" name="verifyLogin" time="2.438"/>
  <testcase classname="com.bank.qa.testcases.HomePageTest" name="verifyHomePageTitle" time="1.264">
    <failure type="java.lang.AssertionError" message="Title Not Matched expected [Guru99 Bank Manager HomePage123] but found [Guru99 Bank Manager HomePage]">
      <![CDATA[java.lang.AssertionError: Title Not Matched expected [Guru99 Bank Manager HomePage123] but found [Guru99 Bank Manager HomePage]
at com.bank.qa.testcases.HomePageTest.verifyHomePageTitle(HomePageTest.java:40)
at java.base/java.util.ArrayList.forEach(ArrayList.java:1511)
... Removed 30 stack frames]]>
    </failure>
  </testcase> <!-- verifyHomePageTitle -->
  <testcase classname="com.bank.qa.testcases.HomePageTest" name="verifyManagerLabel" time="1.403"/>
  <testcase classname="com.bank.qa.testcases.HomePageTest" name="verifyEditLinkTest" time="9.174"/>
  <testcase classname="com.bank.qa.testcases.EditAccountPageTest" name="verifyInvalidAccountNumber" time="19.66"/>
  <testcase classname="com.bank.qa.testcases.LoginPageInvalidLoginsTest" name="verifyInvalidLogins" time="0.694"/>
  <testcase classname="com.bank.qa.testcases.LoginPageInvalidLoginsTest" name="verifyInvalidLogins" time="0.678"/>
  <testcase classname="com.bank.qa.testcases.LoginPageInvalidLoginsTest" name="verifyInvalidLogins" time="0.622"/>
  <testcase classname="com.bank.qa.testcases.LoginPageInvalidLoginsTest" name="verifyInvalidLogins" time="0.622"/>
  <testcase classname="com.bank.qa.testcases.LoginPageInvalidLoginsTest" name="verifyInvalidLogins" time="0.587"/>
  <testcase classname="com.bank.qa.testcases.LoginPageInvalidLoginsTest" name="verifyInvalidLogins" time="0.587"/>
  <testcase classname="com.bank.qa.testcases.LoginPageInvalidLoginsTest" name="verifyInvalidLogins" time="1.184"/>
  <testcase classname="com.bank.qa.testcases.LoginPageInvalidLoginsTest" name="verifyInvalidLogins" time="0.644"/>
</testsuite> <!-- GURU Bank Site Test -->
